<?xml version="1.0" encoding="UTF-8"?>
<testsuite name="RemoteControlCarTest" tests="8" skipped="0" failures="0" errors="0" timestamp="2023-09-25T07:42:02" hostname="Mac-mini.local" time="0.053">
  <properties/>
  <testcase name="experimentalRccIsRemoteControlCar" classname="RemoteControlCarTest" time="0.037"/>
  <testcase name="ensureCarsAreComparable" classname="RemoteControlCarTest" time="0.004"/>
  <testcase name="productionCarTravels10UnitsPerDrive" classname="RemoteControlCarTest" time="0.002"/>
  <testcase name="rankManyCars" classname="RemoteControlCarTest" time="0.002"/>
  <testcase name="race" classname="RemoteControlCarTest" time="0.001"/>
  <testcase name="experimentalCarTravels20UnitsPerDrive" classname="RemoteControlCarTest" time="0.0"/>
  <testcase name="productionRccIsRemoteControlCar" classname="RemoteControlCarTest" time="0.0"/>
  <testcase name="rankTwoCars" classname="RemoteControlCarTest" time="0.001"/>
  <system-out><![CDATA[]]></system-out>
  <system-err><![CDATA[]]></system-err>
</testsuite>
